c:\users\chunlei.hou\documents\visual studio 2013\projects\dll\dll\debug\vc120.pdb
c:\users\chunlei.hou\documents\visual studio 2013\projects\dll\dll\debug\vc120.idb
c:\users\chunlei.hou\documents\visual studio 2013\projects\dll\dll\debug\app.obj
c:\users\chunlei.hou\documents\visual studio 2013\projects\dll\dll\debug\cpl_conv.obj
c:\users\chunlei.hou\documents\visual studio 2013\projects\dll\dll\debug\cpl_dir.obj
c:\users\chunlei.hou\documents\visual studio 2013\projects\dll\dll\debug\cpl_error.obj
c:\users\chunlei.hou\documents\visual studio 2013\projects\dll\dll\debug\cpl_multiproc.obj
c:\users\chunlei.hou\documents\visual studio 2013\projects\dll\dll\debug\cpl_path.obj
c:\users\chunlei.hou\documents\visual studio 2013\projects\dll\dll\debug\cpl_string.obj
c:\users\chunlei.hou\documents\visual studio 2013\projects\dll\dll\debug\cpl_vsil_simple.obj
c:\users\chunlei.hou\documents\visual studio 2013\projects\dll\dll\debug\cpl_vsisimple.obj
c:\users\chunlei.hou\documents\visual studio 2013\projects\dll\dll\debug\dgnfloat.obj
c:\users\chunlei.hou\documents\visual studio 2013\projects\dll\dll\debug\dgnhelp.obj
c:\users\chunlei.hou\documents\visual studio 2013\projects\dll\dll\debug\dgnopen.obj
c:\users\chunlei.hou\documents\visual studio 2013\projects\dll\dll\debug\dgnread.obj
c:\users\chunlei.hou\documents\visual studio 2013\projects\dll\dll\debug\dgnstroke.obj
c:\users\chunlei.hou\documents\visual studio 2013\projects\dll\dll\debug\dgnwrite.obj
c:\users\chunlei.hou\documents\visual studio 2013\projects\dll\debug\dgndump.lib
c:\users\chunlei.hou\documents\visual studio 2013\projects\dll\debug\dgndump.exp
c:\users\chunlei.hou\documents\visual studio 2013\projects\dll\debug\dgndump.ilk
c:\users\chunlei.hou\documents\visual studio 2013\projects\dll\debug\dgndump.exe
c:\users\chunlei.hou\documents\visual studio 2013\projects\dll\debug\dgndump.pdb
f:\code\c++\dgnlib\dll\debug\app.obj
f:\code\c++\dgnlib\dll\debug\cpl_conv.obj
f:\code\c++\dgnlib\dll\debug\cpl_dir.obj
f:\code\c++\dgnlib\dll\debug\cpl_error.obj
f:\code\c++\dgnlib\dll\debug\cpl_multiproc.obj
f:\code\c++\dgnlib\dll\debug\cpl_path.obj
f:\code\c++\dgnlib\dll\debug\cpl_string.obj
f:\code\c++\dgnlib\dll\debug\cpl_vsil_simple.obj
f:\code\c++\dgnlib\dll\debug\cpl_vsisimple.obj
f:\code\c++\dgnlib\dll\debug\dgnfloat.obj
f:\code\c++\dgnlib\dll\debug\dgnhelp.obj
f:\code\c++\dgnlib\dll\debug\dgnopen.obj
f:\code\c++\dgnlib\dll\debug\dgnread.obj
f:\code\c++\dgnlib\dll\debug\dgnstroke.obj
f:\code\c++\dgnlib\dll\debug\dgnwrite.obj
f:\code\c++\dgnlib\dll\debug\vc120.idb
f:\code\c++\dgnlib\dll\debug\vc120.pdb
f:\code\c++\dgnlib\debug\dgndump.pdb
f:\code\c++\dgnlib\debug\dgndump.exe
f:\code\c++\dgnlib\debug\dgndump.ilk
f:\code\c++\dgnlib\dll\debug\dgndump.tlog\cl.command.1.tlog
f:\code\c++\dgnlib\dll\debug\dgndump.tlog\cl.read.1.tlog
f:\code\c++\dgnlib\dll\debug\dgndump.tlog\cl.write.1.tlog
f:\code\c++\dgnlib\dll\debug\dgndump.tlog\dgndump.write.1u.tlog
f:\code\c++\dgnlib\dll\debug\dgndump.tlog\link.command.1.tlog
f:\code\c++\dgnlib\dll\debug\dgndump.tlog\link.read.1.tlog
f:\code\c++\dgnlib\dll\debug\dgndump.tlog\link.write.1.tlog
